<?xml version="1.0" encoding="UTF-8"?>
<testsuite xmlns:xsi="http://www.w3.org/2001/XMLSchema-instance" xsi:noNamespaceSchemaLocation="https://maven.apache.org/surefire/maven-surefire-plugin/xsd/surefire-test-report.xsd" name="GuessTest" time="0.082" tests="10" errors="0" skipped="0" failures="0">
  <properties>
[...]
</properties>
  <testcase name="testSendingCategory" classname="GuessTest" time="0.048"/>
  <testcase name="testServerClass" classname="GuessTest" time="0.004"/>
  <testcase name="testClass" classname="GuessTest" time="0.001"/>
  <testcase name="testSendingWord" classname="GuessTest" time="0.001"/>
  <testcase name="testInitLives" classname="GuessTest" time="0.004"/>
  <testcase name="testCorrectWord" classname="GuessTest" time="0.001"/>
  <testcase name="testNumGuesses" classname="GuessTest" time="0.001"/>
  <testcase name="testSendingLetter" classname="GuessTest" time="0.001"/>
  <testcase name="testInitCat" classname="GuessTest" time="0.001"/>
  <testcase name="testInfoClass" classname="GuessTest" time="0"/>
</testsuite>